2023-01-06 11:52:23,688 [Worker-6: Loading available Gradle versions] INFO  o.e.b.c.i.u.g.PublishedGradleVersions - Gradle version information cache is not available. Remote download required.
2023-01-07 12:56:13,048 [Worker-9: Loading available Gradle versions] INFO  o.e.b.c.i.u.g.PublishedGradleVersions - Gradle version information cache is out-of-date. Trying to update.
2023-04-29 10:41:56,010 [Worker-6: Loading available Gradle versions] INFO  o.e.b.c.i.u.g.PublishedGradleVersions - Gradle version information cache is out-of-date. Trying to update.
2023-04-29 10:47:34,348 [Worker-6: Loading available Gradle versions] INFO  o.e.b.c.i.u.g.PublishedGradleVersions - Gradle version information cache is up-to-date. Trying to read.
2023-04-29 10:54:12,671 [Worker-3: Loading available Gradle versions] INFO  o.e.b.c.i.u.g.PublishedGradleVersions - Gradle version information cache is up-to-date. Trying to read.
2023-04-29 13:16:53,795 [Worker-9: Loading available Gradle versions] INFO  o.e.b.c.i.u.g.PublishedGradleVersions - Gradle version information cache is up-to-date. Trying to read.
2023-05-13 09:30:13,008 [Worker-2: Loading available Gradle versions] INFO  o.e.b.c.i.u.g.PublishedGradleVersions - Gradle version information cache is out-of-date. Trying to update.
2023-05-13 10:37:33,837 [Worker-10: Loading available Gradle versions] INFO  o.e.b.c.i.u.g.PublishedGradleVersions - Gradle version information cache is up-to-date. Trying to read.
2023-05-14 09:22:36,279 [Worker-8: Loading available Gradle versions] INFO  o.e.b.c.i.u.g.PublishedGradleVersions - Gradle version information cache is up-to-date. Trying to read.
2023-06-04 09:30:22,776 [Worker-7: Loading available Gradle versions] INFO  o.e.b.c.i.u.g.PublishedGradleVersions - Gradle version information cache is out-of-date. Trying to update.
2023-06-10 10:10:43,436 [Worker-3: Loading available Gradle versions] INFO  o.e.b.c.i.u.g.PublishedGradleVersions - Gradle version information cache is out-of-date. Trying to update.
2023-06-10 12:57:53,092 [Worker-1756: reload maven project] INFO  o.e.m.c.i.e.AbstractTransferListenerAdapter - Downloading https://repo.maven.apache.org/maven2/com/sun/xml/bind/mvn/jaxb-txw-parent/2.3.2/jaxb-txw-parent-2.3.2.pom
2023-06-10 12:57:53,108 [Worker-1756: reload maven project] INFO  o.e.m.c.i.e.AbstractTransferListenerAdapter - Downloaded https://repo.maven.apache.org/maven2/com/sun/xml/bind/mvn/jaxb-txw-parent/2.3.2/jaxb-txw-parent-2.3.2.pom
2023-06-10 12:57:53,545 [Worker-1756: reload maven project] INFO  o.e.m.c.i.e.AbstractTransferListenerAdapter - Downloaded http://bits.netbeans.org/nexus/content/groups/netbeans/com/sun/xml/bind/jaxb-bom-ext/2.3.2/jaxb-bom-ext-2.3.2.pom
2023-06-10 12:57:53,555 [Worker-1756: reload maven project] INFO  o.e.m.c.i.e.AbstractTransferListenerAdapter - Downloading https://repo.maven.apache.org/maven2/com/sun/xml/bind/jaxb-bom-ext/2.3.2/jaxb-bom-ext-2.3.2.pom
2023-06-10 12:57:53,564 [Worker-1756: reload maven project] INFO  o.e.m.c.i.e.AbstractTransferListenerAdapter - Downloaded https://repo.maven.apache.org/maven2/com/sun/xml/bind/jaxb-bom-ext/2.3.2/jaxb-bom-ext-2.3.2.pom
2023-06-10 12:57:53,725 [Worker-1756: reload maven project] INFO  o.e.m.c.i.e.AbstractTransferListenerAdapter - Downloaded http://bits.netbeans.org/nexus/content/groups/netbeans/org/glassfish/jaxb/jaxb-bom/2.3.2/jaxb-bom-2.3.2.pom
2023-06-10 12:57:53,736 [Worker-1756: reload maven project] INFO  o.e.m.c.i.e.AbstractTransferListenerAdapter - Downloading https://repo.maven.apache.org/maven2/org/glassfish/jaxb/jaxb-bom/2.3.2/jaxb-bom-2.3.2.pom
2023-06-10 12:57:53,748 [Worker-1756: reload maven project] INFO  o.e.m.c.i.e.AbstractTransferListenerAdapter - Downloaded https://repo.maven.apache.org/maven2/org/glassfish/jaxb/jaxb-bom/2.3.2/jaxb-bom-2.3.2.pom
2023-06-10 12:57:53,904 [Worker-1756: reload maven project] INFO  o.e.m.c.i.e.AbstractTransferListenerAdapter - Downloaded http://bits.netbeans.org/nexus/content/groups/netbeans/org/eclipse/ee4j/project/1.0.5/project-1.0.5.pom
2023-06-10 12:57:53,915 [Worker-1756: reload maven project] INFO  o.e.m.c.i.e.AbstractTransferListenerAdapter - Downloading https://repo.maven.apache.org/maven2/org/eclipse/ee4j/project/1.0.5/project-1.0.5.pom
2023-06-10 12:57:53,926 [Worker-1756: reload maven project] INFO  o.e.m.c.i.e.AbstractTransferListenerAdapter - Downloaded https://repo.maven.apache.org/maven2/org/eclipse/ee4j/project/1.0.5/project-1.0.5.pom
2023-06-10 12:59:41,578 [Worker-1732: Search Marketplace for compatible editors (b76415b7b67ca88f_0)] INFO  o.a.h.c.h.i.c.HttpRequestRetryExec - Recoverable I/O exception (org.apache.hc.core5.http.NoHttpResponseException) caught when processing request to {s}->https://marketplace.eclipse.org:443
2023-06-10 13:00:10,369 [Worker-1680: Search Marketplace for compatible editors (72a9c574ea0aaa92_0)] INFO  o.a.h.c.h.i.c.HttpRequestRetryExec - Recoverable I/O exception (org.apache.hc.core5.http.NoHttpResponseException) caught when processing request to {s}->https://marketplace.eclipse.org:443
2023-06-10 13:01:01,332 [Worker-1699: reload maven project] INFO  o.e.m.c.i.e.AbstractTransferListenerAdapter - Downloading https://repo.maven.apache.org/maven2/com/sun/activation/all/1.2.1/all-1.2.1.pom
2023-06-10 13:01:01,349 [Worker-1699: reload maven project] INFO  o.e.m.c.i.e.AbstractTransferListenerAdapter - Downloaded https://repo.maven.apache.org/maven2/com/sun/activation/all/1.2.1/all-1.2.1.pom
2023-06-10 13:01:01,369 [Worker-1699: reload maven project] INFO  o.e.m.c.i.e.AbstractTransferListenerAdapter - Downloading https://repo.maven.apache.org/maven2/org/eclipse/ee4j/project/1.0.2/project-1.0.2.pom
2023-06-10 13:01:01,381 [Worker-1699: reload maven project] INFO  o.e.m.c.i.e.AbstractTransferListenerAdapter - Downloaded https://repo.maven.apache.org/maven2/org/eclipse/ee4j/project/1.0.2/project-1.0.2.pom
2023-06-10 13:02:05,853 [Worker-1722: Search Marketplace for compatible editors (eabd9aea67522e47_0)] INFO  o.a.h.c.h.i.c.HttpRequestRetryExec - Recoverable I/O exception (org.apache.hc.core5.http.NoHttpResponseException) caught when processing request to {s}->https://marketplace.eclipse.org:443
2023-06-10 13:07:21,581 [Worker-4: Loading available Gradle versions] INFO  o.e.b.c.i.u.g.PublishedGradleVersions - Gradle version information cache is up-to-date. Trying to read.
2023-06-11 02:15:19,849 [Worker-5: Loading available Gradle versions] INFO  o.e.b.c.i.u.g.PublishedGradleVersions - Gradle version information cache is up-to-date. Trying to read.
2023-06-17 09:28:12,744 [Worker-3: Loading available Gradle versions] INFO  o.e.b.c.i.u.g.PublishedGradleVersions - Gradle version information cache is out-of-date. Trying to update.
2023-06-17 09:28:20,949 [Worker-14: http://downloads.genuitec.com/downloads/products/devstyle/updates/ds20230615/plugins/com.genuitec.eclipse.meexplorer.jdt_1.11.0.202306151725.jar] INFO  o.a.h.c.h.i.c.HttpRequestRetryExec - Recoverable I/O exception (org.apache.hc.core5.http.NoHttpResponseException) caught when processing request to {}->http://downloads.genuitec.com:80
2023-06-17 09:28:23,234 [Worker-24: http://downloads.genuitec.com/downloads/products/devstyle/updates/ds20230615/plugins/com.genuitec.eclipse.theming.base_1.11.0.202306151725.jar] INFO  o.a.h.c.h.i.c.HttpRequestRetryExec - Recoverable I/O exception (org.apache.hc.core5.http.NoHttpResponseException) caught when processing request to {}->http://downloads.genuitec.com:80
2023-06-17 09:28:24,266 [Worker-15: http://downloads.genuitec.com/downloads/products/devstyle/updates/ds20230615/plugins/com.genuitec.eclipse.theming.icon.designer_1.11.0.202306151725.jar] INFO  o.a.h.c.h.i.c.HttpRequestRetryExec - Recoverable I/O exception (org.apache.hc.core5.http.NoHttpResponseException) caught when processing request to {}->http://downloads.genuitec.com:80
2023-06-17 09:28:24,768 [Worker-33: http://downloads.genuitec.com/downloads/products/devstyle/updates/ds20230615/plugins/com.genuitec.eclipse.webclipse.evergreen_1.11.0.202306151725.jar] INFO  o.a.h.c.h.i.c.HttpRequestRetryExec - Recoverable I/O exception (org.apache.hc.core5.http.NoHttpResponseException) caught when processing request to {}->http://downloads.genuitec.com:80
2023-06-17 09:28:25,253 [Worker-9: http://downloads.genuitec.com/downloads/products/devstyle/updates/ds20230615/plugins/com.genuitec.eclipse.webicons_1.11.0.202306151725.jar] INFO  o.a.h.c.h.i.c.HttpRequestRetryExec - Recoverable I/O exception (org.apache.hc.core5.http.NoHttpResponseException) caught when processing request to {}->http://downloads.genuitec.com:80
2023-06-17 09:28:25,288 [Worker-22: http://downloads.genuitec.com/downloads/products/devstyle/updates/ds20230615/plugins/com.genuitec.eclipsecolortheme.api_1.11.0.202306151725.jar] INFO  o.a.h.c.h.i.c.HttpRequestRetryExec - Recoverable I/O exception (org.apache.hc.core5.http.NoHttpResponseException) caught when processing request to {}->http://downloads.genuitec.com:80
2023-06-17 09:28:25,803 [Worker-9: http://downloads.genuitec.com/downloads/products/devstyle/updates/ds20230615/features/com.genuitec.eclipse.base.feature_1.11.0.202306151725.jar] INFO  o.a.h.c.h.i.c.HttpRequestRetryExec - Recoverable I/O exception (org.apache.hc.core5.http.NoHttpResponseException) caught when processing request to {}->http://downloads.genuitec.com:80
2023-06-17 11:59:35,068 [Worker-9: Loading available Gradle versions] INFO  o.e.b.c.i.u.g.PublishedGradleVersions - Gradle version information cache is up-to-date. Trying to read.
